<?xml version="1.0" encoding="UTF-8"?>
<testng-results ignored="0" total="1" passed="1" failed="0" skipped="0">
  <reporter-output>
  </reporter-output>
  <suite started-at="2024-02-03T17:11:33 EST" name="Default suite" finished-at="2024-02-03T17:11:59 EST" duration-ms="26574">
    <groups>
    </groups>
    <test started-at="2024-02-03T17:11:33 EST" name="Default test" finished-at="2024-02-03T17:11:59 EST" duration-ms="26574">
      <class name="allTest2.LoginClass2">
        <test-method is-config="true" signature="setup()[pri:0, instance:allTest2.LoginClass2@3e8c3cb]" started-at="2024-02-03T17:11:33 EST" name="setup" finished-at="2024-02-03T17:11:57 EST" duration-ms="24210" status="PASS">
          <reporter-output>
          </reporter-output>
        </test-method> <!-- setup -->
        <test-method signature="login2()[pri:0, instance:allTest2.LoginClass2@3e8c3cb]" started-at="2024-02-03T17:11:57 EST" name="login2" finished-at="2024-02-03T17:11:57 EST" duration-ms="222" status="PASS">
          <reporter-output>
          </reporter-output>
        </test-method> <!-- login2 -->
        <test-method is-config="true" signature="tearDown()[pri:0, instance:allTest2.LoginClass2@3e8c3cb]" started-at="2024-02-03T17:11:57 EST" name="tearDown" finished-at="2024-02-03T17:11:59 EST" duration-ms="2106" status="PASS">
          <reporter-output>
          </reporter-output>
        </test-method> <!-- tearDown -->
      </class> <!-- allTest2.LoginClass2 -->
    </test> <!-- Default test -->
  </suite> <!-- Default suite -->
</testng-results>
